This is pdfTeX, Version 3.141592653-2.6-1.40.26 (TeX Live 2024) (preloaded format=pdflatex 2025.1.7)  10 JAN 2025 15:39
entering extended mode
 restricted \write18 enabled.
 file:line:error style messages enabled.
 %&-line parsing enabled.
**/home/rcvijano/Ausbildung/OST/currSemester/cydef/summary/01_index.tex
(/home/rcvijano/Ausbildung/OST/currSemester/cydef/summary/01_index.tex
LaTeX2e <2024-11-01> patch level 1
L3 programming layer <2024-12-25>
(/usr/local/texlive/2024/texmf-dist/tex/latex/base/report.cls
Document Class: report 2024/06/29 v1.4n Standard LaTeX document class
(/usr/local/texlive/2024/texmf-dist/tex/latex/base/size10.clo
File: size10.clo 2024/06/29 v1.4n Standard LaTeX file (size option)
)
\c@part=\count196
\c@chapter=\count197
\c@section=\count198
\c@subsection=\count199
\c@subsubsection=\count266
\c@paragraph=\count267
\c@subparagraph=\count268
\c@figure=\count269
\c@table=\count270
\abovecaptionskip=\skip49
\belowcaptionskip=\skip50
\bibindent=\dimen141
) (./02_custom.tex (/usr/local/texlive/2024/texmf-dist/tex/latex/base/inputenc.sty
Package: inputenc 2024/02/08 v1.3d Input encoding file
\inpenc@prehook=\toks17
\inpenc@posthook=\toks18
) (/usr/local/texlive/2024/texmf-dist/tex/latex/base/fontenc.sty
Package: fontenc 2021/04/29 v2.0v Standard LaTeX package
) (/usr/local/texlive/2024/texmf-dist/tex/latex/geometry/geometry.sty
Package: geometry 2020/01/02 v5.9 Page Geometry
 (/usr/local/texlive/2024/texmf-dist/tex/latex/graphics/keyval.sty
Package: keyval 2022/05/29 v1.15 key=value parser (DPC)
\KV@toks@=\toks19
) (/usr/local/texlive/2024/texmf-dist/tex/generic/iftex/ifvtex.sty
Package: ifvtex 2019/10/25 v1.7 ifvtex legacy package. Use iftex instead.
 (/usr/local/texlive/2024/texmf-dist/tex/generic/iftex/iftex.sty
Package: iftex 2024/12/12 v1.0g TeX engine tests
))
\Gm@cnth=\count271
\Gm@cntv=\count272
\c@Gm@tempcnt=\count273
\Gm@bindingoffset=\dimen142
\Gm@wd@mp=\dimen143
\Gm@odd@mp=\dimen144
\Gm@even@mp=\dimen145
\Gm@layoutwidth=\dimen146
\Gm@layoutheight=\dimen147
\Gm@layouthoffset=\dimen148
\Gm@layoutvoffset=\dimen149
\Gm@dimlist=\toks20
) (/usr/local/texlive/2024/texmf-dist/tex/latex/graphics/graphicx.sty
Package: graphicx 2021/09/16 v1.2d Enhanced LaTeX Graphics (DPC,SPQR)
 (/usr/local/texlive/2024/texmf-dist/tex/latex/graphics/graphics.sty
Package: graphics 2024/08/06 v1.4g Standard LaTeX Graphics (DPC,SPQR)
 (/usr/local/texlive/2024/texmf-dist/tex/latex/graphics/trig.sty
Package: trig 2023/12/02 v1.11 sin cos tan (DPC)
) (/usr/local/texlive/2024/texmf-dist/tex/latex/graphics-cfg/graphics.cfg
File: graphics.cfg 2016/06/04 v1.11 sample graphics configuration
)
Package graphics Info: Driver file: pdftex.def on input line 106.
 (/usr/local/texlive/2024/texmf-dist/tex/latex/graphics-def/pdftex.def
File: pdftex.def 2024/04/13 v1.2c Graphics/color driver for pdftex
))
\Gin@req@height=\dimen150
\Gin@req@width=\dimen151
) (/usr/local/texlive/2024/texmf-dist/tex/latex/tools/array.sty
Package: array 2024/10/17 v2.6g Tabular extension package (FMi)
\col@sep=\dimen152
\ar@mcellbox=\box52
\extrarowheight=\dimen153
\NC@list=\toks21
\extratabsurround=\skip51
\backup@length=\skip52
\ar@cellbox=\box53
) (/usr/local/texlive/2024/texmf-dist/tex/latex/xcolor/xcolor.sty
Package: xcolor 2024/09/29 v3.02 LaTeX color extensions (UK)
 (/usr/local/texlive/2024/texmf-dist/tex/latex/graphics-cfg/color.cfg
File: color.cfg 2016/01/02 v1.6 sample color configuration
)
Package xcolor Info: Driver file: pdftex.def on input line 274.
 (/usr/local/texlive/2024/texmf-dist/tex/latex/graphics/mathcolor.ltx)
Package xcolor Info: Model `cmy' substituted by `cmy0' on input line 1349.
Package xcolor Info: Model `hsb' substituted by `rgb' on input line 1353.
Package xcolor Info: Model `RGB' extended on input line 1365.
Package xcolor Info: Model `HTML' substituted by `rgb' on input line 1367.
Package xcolor Info: Model `Hsb' substituted by `hsb' on input line 1368.
Package xcolor Info: Model `tHsb' substituted by `hsb' on input line 1369.
Package xcolor Info: Model `HSB' substituted by `hsb' on input line 1370.
Package xcolor Info: Model `Gray' substituted by `gray' on input line 1371.
Package xcolor Info: Model `wave' substituted by `hsb' on input line 1372.
) (/usr/local/texlive/2024/texmf-dist/tex/latex/tools/tabularx.sty
Package: tabularx 2023/12/11 v2.12a `tabularx' package (DPC)
\TX@col@width=\dimen154
\TX@old@table=\dimen155
\TX@old@col=\dimen156
\TX@target=\dimen157
\TX@delta=\dimen158
\TX@cols=\count274
\TX@ftn=\toks22
) (/usr/local/texlive/2024/texmf-dist/tex/generic/babel/babel.sty
Package: babel 2025/01/01 v25.1 The multilingual framework for pdfLaTeX, LuaLaTeX and XeLaTeX
\babel@savecnt=\count275
\U@D=\dimen159
\l@unhyphenated=\language89
 (/usr/local/texlive/2024/texmf-dist/tex/generic/babel/txtbabel.def)
\bbl@readstream=\read2
\bbl@dirlevel=\count276
 (/usr/local/texlive/2024/texmf-dist/tex/generic/babel-german/german.ldf
Language: german 2024/12/10 v2.15 German support for babel (pre-1996 orthography)
 (/usr/local/texlive/2024/texmf-dist/tex/generic/babel-german/germanb.ldf
Language: germanb 2024/12/10 v2.15 German support for babel (pre-1996 orthography)
Package babel Info: Making " an active character on input line 139.
))) (/usr/local/texlive/2024/texmf-dist/tex/generic/babel/locale/de/babel-german.tex
Package babel Info: Importing font and identification data for german
(babel)             from babel-de-1901.ini. Reported on input line 25.
) (/usr/local/texlive/2024/texmf-dist/tex/latex/amsmath/amsmath.sty
Package: amsmath 2024/11/05 v2.17t AMS math features
\@mathmargin=\skip53

For additional information on amsmath, use the `?' option.
(/usr/local/texlive/2024/texmf-dist/tex/latex/amsmath/amstext.sty
Package: amstext 2021/08/26 v2.01 AMS text
 (/usr/local/texlive/2024/texmf-dist/tex/latex/amsmath/amsgen.sty
File: amsgen.sty 1999/11/30 v2.0 generic functions
\@emptytoks=\toks23
\ex@=\dimen160
)) (/usr/local/texlive/2024/texmf-dist/tex/latex/amsmath/amsbsy.sty
Package: amsbsy 1999/11/29 v1.2d Bold Symbols
\pmbraise@=\dimen161
) (/usr/local/texlive/2024/texmf-dist/tex/latex/amsmath/amsopn.sty
Package: amsopn 2022/04/08 v2.04 operator names
)
\inf@bad=\count277
LaTeX Info: Redefining \frac on input line 233.
\uproot@=\count278
\leftroot@=\count279
LaTeX Info: Redefining \overline on input line 398.
LaTeX Info: Redefining \colon on input line 409.
\classnum@=\count280
\DOTSCASE@=\count281
LaTeX Info: Redefining \ldots on input line 495.
LaTeX Info: Redefining \dots on input line 498.
LaTeX Info: Redefining \cdots on input line 619.
\Mathstrutbox@=\box54
\strutbox@=\box55
LaTeX Info: Redefining \big on input line 721.
LaTeX Info: Redefining \Big on input line 722.
LaTeX Info: Redefining \bigg on input line 723.
LaTeX Info: Redefining \Bigg on input line 724.
\big@size=\dimen162
LaTeX Font Info:    Redeclaring font encoding OML on input line 742.
LaTeX Font Info:    Redeclaring font encoding OMS on input line 743.
\macc@depth=\count282
LaTeX Info: Redefining \bmod on input line 904.
LaTeX Info: Redefining \pmod on input line 909.
LaTeX Info: Redefining \smash on input line 939.
LaTeX Info: Redefining \relbar on input line 969.
LaTeX Info: Redefining \Relbar on input line 970.
\c@MaxMatrixCols=\count283
\dotsspace@=\muskip17
\c@parentequation=\count284
\dspbrk@lvl=\count285
\tag@help=\toks24
\row@=\count286
\column@=\count287
\maxfields@=\count288
\andhelp@=\toks25
\eqnshift@=\dimen163
\alignsep@=\dimen164
\tagshift@=\dimen165
\tagwidth@=\dimen166
\totwidth@=\dimen167
\lineht@=\dimen168
\@envbody=\toks26
\multlinegap=\skip54
\multlinetaggap=\skip55
\mathdisplay@stack=\toks27
LaTeX Info: Redefining \[ on input line 2953.
LaTeX Info: Redefining \] on input line 2954.
) (/usr/local/texlive/2024/texmf-dist/tex/latex/amsfonts/amssymb.sty
Package: amssymb 2013/01/14 v3.01 AMS font symbols
 (/usr/local/texlive/2024/texmf-dist/tex/latex/amsfonts/amsfonts.sty
Package: amsfonts 2013/01/14 v3.01 Basic AMSFonts support
\symAMSa=\mathgroup4
\symAMSb=\mathgroup5
LaTeX Font Info:    Redeclaring math symbol \hbar on input line 98.
LaTeX Font Info:    Overwriting math alphabet `\mathfrak' in version `bold'
(Font)                  U/euf/m/n --> U/euf/b/n on input line 106.
)) (/usr/local/texlive/2024/texmf-dist/tex/latex/mathtools/mathtools.sty
Package: mathtools 2024/10/04 v1.31 mathematical typesetting tools
 (/usr/local/texlive/2024/texmf-dist/tex/latex/tools/calc.sty
Package: calc 2023/07/08 v4.3 Infix arithmetic (KKT,FJ)
\calc@Acount=\count289
\calc@Bcount=\count290
\calc@Adimen=\dimen169
\calc@Bdimen=\dimen170
\calc@Askip=\skip56
\calc@Bskip=\skip57
LaTeX Info: Redefining \setlength on input line 80.
LaTeX Info: Redefining \addtolength on input line 81.
\calc@Ccount=\count291
\calc@Cskip=\skip58
) (/usr/local/texlive/2024/texmf-dist/tex/latex/mathtools/mhsetup.sty
Package: mhsetup 2021/03/18 v1.4 programming setup (MH)
)
\g_MT_multlinerow_int=\count292
\l_MT_multwidth_dim=\dimen171
\origjot=\skip59
\l_MT_shortvdotswithinadjustabove_dim=\dimen172
\l_MT_shortvdotswithinadjustbelow_dim=\dimen173
\l_MT_above_intertext_sep=\dimen174
\l_MT_below_intertext_sep=\dimen175
\l_MT_above_shortintertext_sep=\dimen176
\l_MT_below_shortintertext_sep=\dimen177
\xmathstrut@box=\box56
\xmathstrut@dim=\dimen178
) (/usr/local/texlive/2024/texmf-dist/tex/latex/amscls/amsthm.sty
Package: amsthm 2020/05/29 v2.20.6
\thm@style=\toks28
\thm@bodyfont=\toks29
\thm@headfont=\toks30
\thm@notefont=\toks31
\thm@headpunct=\toks32
\thm@preskip=\skip60
\thm@postskip=\skip61
\thm@headsep=\skip62
\dth@everypar=\toks33
) (/usr/local/texlive/2024/texmf-dist/tex/latex/jknapltx/mathrsfs.sty
Package: mathrsfs 1996/01/01 Math RSFS package v1.0 (jk)
\symrsfs=\mathgroup6
) (/usr/local/texlive/2024/texmf-dist/tex/latex/tools/bm.sty
Package: bm 2023/12/19 v1.2f Bold Symbol Support (DPC/FMi)
\symboldoperators=\mathgroup7
\symboldletters=\mathgroup8
\symboldsymbols=\mathgroup9
Package bm Info: No bold for \OMX/cmex/m/n, using \pmb.
Package bm Info: No bold for \U/msa/m/n, using \pmb.
Package bm Info: No bold for \U/msb/m/n, using \pmb.
Package bm Info: No bold for \U/rsfs/m/n, using \pmb.
LaTeX Font Info:    Redeclaring math alphabet \mathbf on input line 149.
) (/usr/local/texlive/2024/texmf-dist/tex/latex/cases/cases.sty
Package: cases 2020/03/29 ver 3.2
\numc@numwid=\dimen179
) (/usr/local/texlive/2024/texmf-dist/tex/latex/cancel/cancel.sty
Package: cancel 2013/04/12 v2.2 Cancel math terms
) (/usr/local/texlive/2024/texmf-dist/tex/latex/base/makeidx.sty
Package: makeidx 2021/10/04 v1.0m Standard LaTeX package
)
\@indexfile=\write3
\openout3 = `01_index.idx'.


Writing index file 01_index.idx
(/usr/local/texlive/2024/texmf-dist/tex/latex/multirow/multirow.sty
Package: multirow 2024/11/12 v2.9 Span multiple rows of a table
\multirow@colwidth=\skip63
\multirow@cntb=\count293
\multirow@dima=\skip64
\bigstrutjot=\dimen180
) (/usr/local/texlive/2024/texmf-dist/tex/latex/diagbox/diagbox.sty
Package: diagbox 2020/02/09 v2.3 Making table heads with diagonal lines
 (/usr/local/texlive/2024/texmf-dist/tex/latex/pict2e/pict2e.sty
Package: pict2e 2020/09/30 v0.4b Improved picture commands (HjG,RN,JT)
 (/usr/local/texlive/2024/texmf-dist/tex/latex/pict2e/pict2e.cfg
File: pict2e.cfg 2016/02/05 v0.1u pict2e configuration for teTeX/TeXLive
)
Package pict2e Info: Driver file: pdftex.def on input line 112.
Package pict2e Info: Driver file for pict2e: p2e-pdftex.def on input line 114.
 (/usr/local/texlive/2024/texmf-dist/tex/latex/pict2e/p2e-pdftex.def
File: p2e-pdftex.def 2016/02/05 v0.1u Driver-dependant file (RN,HjG,JT)
)
\pIIe@GRAPH=\toks34
\@arclen=\dimen181
\@arcrad=\dimen182
\pIIe@tempdima=\dimen183
\pIIe@tempdimb=\dimen184
\pIIe@tempdimc=\dimen185
\pIIe@tempdimd=\dimen186
\pIIe@tempdime=\dimen187
\pIIe@tempdimf=\dimen188
)
\diagbox@boxa=\box57
\diagbox@boxb=\box58
\diagbox@boxm=\box59
\diagbox@wd=\dimen189
\diagbox@ht=\dimen190
\diagbox@insepl=\dimen191
\diagbox@insepr=\dimen192
\diagbox@outsepl=\dimen193
\diagbox@outsepr=\dimen194
) (/usr/local/texlive/2024/texmf-dist/tex/latex/svg/svg.sty
Package: svg 2020/11/26 v2.02k (include SVG pictures)
 (/usr/local/texlive/2024/texmf-dist/tex/latex/koma-script/scrbase.sty
Package: scrbase 2024/10/24 v3.43 KOMA-Script package (KOMA-Script-independent basics and keyval usage)
 (/usr/local/texlive/2024/texmf-dist/tex/latex/koma-script/scrlfile.sty
Package: scrlfile 2024/10/24 v3.43 KOMA-Script package (file load hooks)
 (/usr/local/texlive/2024/texmf-dist/tex/latex/koma-script/scrlfile-hook.sty
Package: scrlfile-hook 2024/10/24 v3.43 KOMA-Script package (using LaTeX hooks)
 (/usr/local/texlive/2024/texmf-dist/tex/latex/koma-script/scrlogo.sty
Package: scrlogo 2024/10/24 v3.43 KOMA-Script package (logo)
)))
Applying: [2021/05/01] Usage of raw or classic option list on input line 254.
Already applied: [0000/00/00] Usage of raw or classic option list on input line 370.
) (/usr/local/texlive/2024/texmf-dist/tex/generic/pdftexcmds/pdftexcmds.sty
Package: pdftexcmds 2020-06-27 v0.33 Utility functions of pdfTeX for LuaTeX (HO)
 (/usr/local/texlive/2024/texmf-dist/tex/generic/infwarerr/infwarerr.sty
Package: infwarerr 2019/12/03 v1.5 Providing info/warning/error messages (HO)
) (/usr/local/texlive/2024/texmf-dist/tex/generic/ltxcmds/ltxcmds.sty
Package: ltxcmds 2023-12-04 v1.26 LaTeX kernel commands for general use (HO)
)
Package pdftexcmds Info: \pdf@primitive is available.
Package pdftexcmds Info: \pdf@ifprimitive is available.
Package pdftexcmds Info: \pdfdraftmode found.
) (/usr/local/texlive/2024/texmf-dist/tex/latex/trimspaces/trimspaces.sty
Package: trimspaces 2009/09/17 v1.1 Trim spaces around a token list
) (/usr/local/texlive/2024/texmf-dist/tex/latex/tools/shellesc.sty
Package: shellesc 2023/07/08 v1.0d unified shell escape interface for LaTeX
Package shellesc Info: Restricted shell escape enabled on input line 77.
)
\c@svg@param@lastpage=\count294
\svg@box=\box60
\c@svg@param@currpage=\count295
) (/usr/local/texlive/2024/texmf-dist/tex/latex/transparent/transparent.sty
Package: transparent 2022-10-27 v1.5 Transparency with color stacks
 (/usr/local/texlive/2024/texmf-dist/tex/latex/transparent/transparent-nometadata.sty
Package: transparent-nometadata 2022-10-27 v1.5 Transparency via pdfTeX's color stack (HO)
 (/usr/local/texlive/2024/texmf-dist/tex/latex/auxhook/auxhook.sty
Package: auxhook 2019-12-17 v1.6 Hooks for auxiliary files (HO)
))) (/usr/local/texlive/2024/texmf-dist/tex/latex/pgf/systemlayer/pgfsys.sty (/usr/local/texlive/2024/texmf-dist/tex/latex/pgf/utilities/pgfrcs.sty (/usr/local/texlive/2024/texmf-dist/tex/generic/pgf/utilities/pgfutil-common.tex
\pgfutil@everybye=\toks35
\pgfutil@tempdima=\dimen195
\pgfutil@tempdimb=\dimen196
) (/usr/local/texlive/2024/texmf-dist/tex/generic/pgf/utilities/pgfutil-latex.def
\pgfutil@abb=\box61
) (/usr/local/texlive/2024/texmf-dist/tex/generic/pgf/utilities/pgfrcs.code.tex (/usr/local/texlive/2024/texmf-dist/tex/generic/pgf/pgf.revision.tex)
Package: pgfrcs 2023-01-15 v3.1.10 (3.1.10)
)) (/usr/local/texlive/2024/texmf-dist/tex/generic/pgf/systemlayer/pgfsys.code.tex
Package: pgfsys 2023-01-15 v3.1.10 (3.1.10)
 (/usr/local/texlive/2024/texmf-dist/tex/generic/pgf/utilities/pgfkeys.code.tex
\pgfkeys@pathtoks=\toks36
\pgfkeys@temptoks=\toks37
 (/usr/local/texlive/2024/texmf-dist/tex/generic/pgf/utilities/pgfkeyslibraryfiltered.code.tex
\pgfkeys@tmptoks=\toks38
))
\pgf@x=\dimen197
\pgf@y=\dimen198
\pgf@xa=\dimen199
\pgf@ya=\dimen256
\pgf@xb=\dimen257
\pgf@yb=\dimen258
\pgf@xc=\dimen259
\pgf@yc=\dimen260
\pgf@xd=\dimen261
\pgf@yd=\dimen262
\w@pgf@writea=\write4
\r@pgf@reada=\read3
\c@pgf@counta=\count296
\c@pgf@countb=\count297
\c@pgf@countc=\count298
\c@pgf@countd=\count299
\t@pgf@toka=\toks39
\t@pgf@tokb=\toks40
\t@pgf@tokc=\toks41
\pgf@sys@id@count=\count300
 (/usr/local/texlive/2024/texmf-dist/tex/generic/pgf/systemlayer/pgf.cfg
File: pgf.cfg 2023-01-15 v3.1.10 (3.1.10)
)
Driver file for pgf: pgfsys-pdftex.def
 (/usr/local/texlive/2024/texmf-dist/tex/generic/pgf/systemlayer/pgfsys-pdftex.def
File: pgfsys-pdftex.def 2023-01-15 v3.1.10 (3.1.10)
 (/usr/local/texlive/2024/texmf-dist/tex/generic/pgf/systemlayer/pgfsys-common-pdf.def
File: pgfsys-common-pdf.def 2023-01-15 v3.1.10 (3.1.10)
))) (/usr/local/texlive/2024/texmf-dist/tex/generic/pgf/systemlayer/pgfsyssoftpath.code.tex
File: pgfsyssoftpath.code.tex 2023-01-15 v3.1.10 (3.1.10)
\pgfsyssoftpath@smallbuffer@items=\count301
\pgfsyssoftpath@bigbuffer@items=\count302
) (/usr/local/texlive/2024/texmf-dist/tex/generic/pgf/systemlayer/pgfsysprotocol.code.tex
File: pgfsysprotocol.code.tex 2023-01-15 v3.1.10 (3.1.10)
)) (/usr/local/texlive/2024/texmf-dist/tex/generic/ulem/ulem.sty
\UL@box=\box62
\UL@hyphenbox=\box63
\UL@skip=\skip65
\UL@hook=\toks42
\UL@height=\dimen263
\UL@pe=\count303
\UL@pixel=\dimen264
\ULC@box=\box64
Package: ulem 2019/11/18
\ULdepth=\dimen265
) (/usr/local/texlive/2024/texmf-dist/tex/latex/hyperref/hyperref.sty
Package: hyperref 2024-11-05 v7.01l Hypertext links for LaTeX
 (/usr/local/texlive/2024/texmf-dist/tex/latex/kvsetkeys/kvsetkeys.sty
Package: kvsetkeys 2022-10-05 v1.19 Key value parser (HO)
) (/usr/local/texlive/2024/texmf-dist/tex/generic/kvdefinekeys/kvdefinekeys.sty
Package: kvdefinekeys 2019-12-19 v1.6 Define keys (HO)
) (/usr/local/texlive/2024/texmf-dist/tex/generic/pdfescape/pdfescape.sty
Package: pdfescape 2019/12/09 v1.15 Implements pdfTeX's escape features (HO)
) (/usr/local/texlive/2024/texmf-dist/tex/latex/hycolor/hycolor.sty
Package: hycolor 2020-01-27 v1.10 Color options for hyperref/bookmark (HO)
) (/usr/local/texlive/2024/texmf-dist/tex/latex/hyperref/nameref.sty
Package: nameref 2023-11-26 v2.56 Cross-referencing by name of section
 (/usr/local/texlive/2024/texmf-dist/tex/latex/refcount/refcount.sty
Package: refcount 2019/12/15 v3.6 Data extraction from label references (HO)
) (/usr/local/texlive/2024/texmf-dist/tex/generic/gettitlestring/gettitlestring.sty
Package: gettitlestring 2019/12/15 v1.6 Cleanup title references (HO)
 (/usr/local/texlive/2024/texmf-dist/tex/latex/kvoptions/kvoptions.sty
Package: kvoptions 2022-06-15 v3.15 Key value format for package options (HO)
))
\c@section@level=\count304
) (/usr/local/texlive/2024/texmf-dist/tex/latex/etoolbox/etoolbox.sty
Package: etoolbox 2020/10/05 v2.5k e-TeX tools for LaTeX (JAW)
\etb@tempcnta=\count305
) (/usr/local/texlive/2024/texmf-dist/tex/generic/stringenc/stringenc.sty
Package: stringenc 2019/11/29 v1.12 Convert strings between diff. encodings (HO)
)
\@linkdim=\dimen266
\Hy@linkcounter=\count306
\Hy@pagecounter=\count307
 (/usr/local/texlive/2024/texmf-dist/tex/latex/hyperref/pd1enc.def
File: pd1enc.def 2024-11-05 v7.01l Hyperref: PDFDocEncoding definition (HO)
Now handling font encoding PD1 ...
... no UTF-8 mapping file for font encoding PD1
) (/usr/local/texlive/2024/texmf-dist/tex/generic/intcalc/intcalc.sty
Package: intcalc 2019/12/15 v1.3 Expandable calculations with integers (HO)
)
\Hy@SavedSpaceFactor=\count308
 (/usr/local/texlive/2024/texmf-dist/tex/latex/hyperref/puenc.def
File: puenc.def 2024-11-05 v7.01l Hyperref: PDF Unicode definition (HO)
Now handling font encoding PU ...
... no UTF-8 mapping file for font encoding PU
)
Package hyperref Info: Hyper figures OFF on input line 4157.
Package hyperref Info: Link nesting OFF on input line 4162.
Package hyperref Info: Hyper index ON on input line 4165.
Package hyperref Info: Plain pages OFF on input line 4172.
Package hyperref Info: Backreferencing OFF on input line 4177.
Package hyperref Info: Implicit mode ON; LaTeX internals redefined.
Package hyperref Info: Bookmarks ON on input line 4424.
\c@Hy@tempcnt=\count309
 (/usr/local/texlive/2024/texmf-dist/tex/latex/url/url.sty
\Urlmuskip=\muskip18
Package: url 2013/09/16  ver 3.4  Verb mode for urls, etc.
)
LaTeX Info: Redefining \url on input line 4763.
\XeTeXLinkMargin=\dimen267
 (/usr/local/texlive/2024/texmf-dist/tex/generic/bitset/bitset.sty
Package: bitset 2019/12/09 v1.3 Handle bit-vector datatype (HO)
 (/usr/local/texlive/2024/texmf-dist/tex/generic/bigintcalc/bigintcalc.sty
Package: bigintcalc 2019/12/15 v1.5 Expandable calculations on big integers (HO)
))
\Fld@menulength=\count310
\Field@Width=\dimen268
\Fld@charsize=\dimen269
Package hyperref Info: Hyper figures OFF on input line 6042.
Package hyperref Info: Link nesting OFF on input line 6047.
Package hyperref Info: Hyper index ON on input line 6050.
Package hyperref Info: backreferencing OFF on input line 6057.
Package hyperref Info: Link coloring OFF on input line 6062.
Package hyperref Info: Link coloring with OCG OFF on input line 6067.
Package hyperref Info: PDF/A mode OFF on input line 6072.
 (/usr/local/texlive/2024/texmf-dist/tex/latex/base/atbegshi-ltx.sty
Package: atbegshi-ltx 2021/01/10 v1.0c Emulation of the original atbegshi
package with kernel methods
)
\Hy@abspage=\count311
\c@Item=\count312
\c@Hfootnote=\count313
)
Package hyperref Info: Driver (autodetected): hpdftex.
 (/usr/local/texlive/2024/texmf-dist/tex/latex/hyperref/hpdftex.def
File: hpdftex.def 2024-11-05 v7.01l Hyperref driver for pdfTeX
 (/usr/local/texlive/2024/texmf-dist/tex/latex/base/atveryend-ltx.sty
Package: atveryend-ltx 2020/08/19 v1.0a Emulation of the original atveryend package
with kernel methods
)
\Fld@listcount=\count314
\c@bookmark@seq@number=\count315
 (/usr/local/texlive/2024/texmf-dist/tex/latex/rerunfilecheck/rerunfilecheck.sty
Package: rerunfilecheck 2022-07-10 v1.10 Rerun checks for auxiliary files (HO)
 (/usr/local/texlive/2024/texmf-dist/tex/generic/uniquecounter/uniquecounter.sty
Package: uniquecounter 2019/12/15 v1.4 Provide unlimited unique counter (HO)
)
Package uniquecounter Info: New unique counter `rerunfilecheck' on input line 285.
)
\Hy@SectionHShift=\skip66
) (/usr/local/texlive/2024/texmf-dist/tex/latex/listings/listings.sty
\lst@mode=\count316
\lst@gtempboxa=\box65
\lst@token=\toks43
\lst@length=\count317
\lst@currlwidth=\dimen270
\lst@column=\count318
\lst@pos=\count319
\lst@lostspace=\dimen271
\lst@width=\dimen272
\lst@newlines=\count320
\lst@lineno=\count321
\lst@maxwidth=\dimen273
 (/usr/local/texlive/2024/texmf-dist/tex/latex/listings/lstpatch.sty
File: lstpatch.sty 2024/09/23 1.10c (Carsten Heinz)
) (/usr/local/texlive/2024/texmf-dist/tex/latex/listings/lstmisc.sty
File: lstmisc.sty 2024/09/23 1.10c (Carsten Heinz)
\c@lstnumber=\count322
\lst@skipnumbers=\count323
\lst@framebox=\box66
) (/usr/local/texlive/2024/texmf-dist/tex/latex/listings/listings.cfg
File: listings.cfg 2024/09/23 1.10c listings configuration
))
Package: listings 2024/09/23 1.10c (Carsten Heinz)
) (/usr/local/texlive/2024/texmf-dist/tex/latex/l3backend/l3backend-pdftex.def
File: l3backend-pdftex.def 2024-05-08 L3 backend support: PDF output (pdfTeX)
\l__color_backend_stack_int=\count324
\l__pdf_internal_box=\box67
)

LaTeX Warning: Unused global option(s):
    [8pt].

(./01_index.aux)
\openout1 = `01_index.aux'.

LaTeX Font Info:    Checking defaults for OML/cmm/m/it on input line 6.
LaTeX Font Info:    ... okay on input line 6.
LaTeX Font Info:    Checking defaults for OMS/cmsy/m/n on input line 6.
LaTeX Font Info:    ... okay on input line 6.
LaTeX Font Info:    Checking defaults for OT1/cmr/m/n on input line 6.
LaTeX Font Info:    ... okay on input line 6.
LaTeX Font Info:    Checking defaults for T1/cmr/m/n on input line 6.
LaTeX Font Info:    ... okay on input line 6.
LaTeX Font Info:    Checking defaults for TS1/cmr/m/n on input line 6.
LaTeX Font Info:    ... okay on input line 6.
LaTeX Font Info:    Checking defaults for OMX/cmex/m/n on input line 6.
LaTeX Font Info:    ... okay on input line 6.
LaTeX Font Info:    Checking defaults for U/cmr/m/n on input line 6.
LaTeX Font Info:    ... okay on input line 6.
LaTeX Font Info:    Checking defaults for PD1/pdf/m/n on input line 6.
LaTeX Font Info:    ... okay on input line 6.
LaTeX Font Info:    Checking defaults for PU/pdf/m/n on input line 6.
LaTeX Font Info:    ... okay on input line 6.

*geometry* driver: auto-detecting
*geometry* detected driver: pdftex
*geometry* verbose mode - [ preamble ] result:
* driver: pdftex
* paper: a4paper
* layout: <same size as paper>
* layoutoffset:(h,v)=(0.0pt,0.0pt)
* modes: 
* h-part:(L,W,R)=(42.67912pt, 512.14963pt, 42.67912pt)
* v-part:(T,H,B)=(42.67912pt, 759.6886pt, 42.67912pt)
* \paperwidth=597.50787pt
* \paperheight=845.04684pt
* \textwidth=512.14963pt
* \textheight=759.6886pt
* \oddsidemargin=-29.59087pt
* \evensidemargin=-29.59087pt
* \topmargin=-66.59087pt
* \headheight=12.0pt
* \headsep=25.0pt
* \topskip=10.0pt
* \footskip=30.0pt
* \marginparwidth=57.0pt
* \marginparsep=11.0pt
* \columnsep=10.0pt
* \skip\footins=9.0pt plus 4.0pt minus 2.0pt
* \hoffset=0.0pt
* \voffset=0.0pt
* \mag=1000
* \@twocolumnfalse
* \@twosidefalse
* \@mparswitchfalse
* \@reversemarginfalse
* (1in=72.27pt=25.4mm, 1cm=28.453pt)

(/usr/local/texlive/2024/texmf-dist/tex/context/base/mkii/supp-pdf.mkii
[Loading MPS to PDF converter (version 2006.09.02).]
\scratchcounter=\count325
\scratchdimen=\dimen274
\scratchbox=\box68
\nofMPsegments=\count326
\nofMParguments=\count327
\everyMPshowfont=\toks44
\MPscratchCnt=\count328
\MPscratchDim=\dimen275
\MPnumerator=\count329
\makeMPintoPDFobject=\count330
\everyMPtoPDFconversion=\toks45
) (/usr/local/texlive/2024/texmf-dist/tex/latex/epstopdf-pkg/epstopdf-base.sty
Package: epstopdf-base 2020-01-24 v2.11 Base part for package epstopdf
Package epstopdf-base Info: Redefining graphics rule for `.eps' on input line 485.
 (/usr/local/texlive/2024/texmf-dist/tex/latex/latexconfig/epstopdf-sys.cfg
File: epstopdf-sys.cfg 2010/07/13 v1.3 Configuration of (r)epstopdf for TeX Live
))
Package hyperref Info: Link coloring OFF on input line 6.
 (./01_index.out) (./01_index.out)
\@outlinefile=\write5
\openout5 = `01_index.out'.

\c@lstlisting=\count331
LaTeX Font Info:    Trying to load font information for U+msa on input line 11.
 (/usr/local/texlive/2024/texmf-dist/tex/latex/amsfonts/umsa.fd
File: umsa.fd 2013/01/14 v3.01 AMS symbols A
)
LaTeX Font Info:    Trying to load font information for U+msb on input line 11.
 (/usr/local/texlive/2024/texmf-dist/tex/latex/amsfonts/umsb.fd
File: umsb.fd 2013/01/14 v3.01 AMS symbols B
)
LaTeX Font Info:    Trying to load font information for U+rsfs on input line 11.
 (/usr/local/texlive/2024/texmf-dist/tex/latex/jknapltx/ursfs.fd
File: ursfs.fd 1998/03/24 rsfs font definition file (jk)
)

[1

{/usr/local/texlive/2024/texmf-var/fonts/map/pdftex/updmap/pdftex.map}{/usr/local/texlive/2024/texmf-dist/fonts/enc/dvips/cm-super/cm-super-t1.enc}]


pdfTeX warning (ext4): destination with the same identifier (name{page.1}) has been already used, duplicate ignored
<to be read again> 
                   \relax 
l.26 \newpage
              [1] (./01_index.toc

[2

])
\tf@toc=\write6
\openout6 = `01_index.toc'.



[3] (./summaries/week01.tex
Kapitel 1.


[4

]) (./summaries/week02.tex

[5]
Kapitel 2.


[6

]
<resources/02-apt-01.png, id=474, 917.4275pt x 484.81125pt>
File: resources/02-apt-01.png Graphic file (type png)
<use resources/02-apt-01.png>
Package pdftex.def Info: resources/02-apt-01.png  used on input line 26.
(pdftex.def)             Requested size: 183.48225pt x 96.96053pt.
<resources/02-apt-02.png, id=475, 1000.73875pt x 383.4325pt>
File: resources/02-apt-02.png Graphic file (type png)
<use resources/02-apt-02.png>
Package pdftex.def Info: resources/02-apt-02.png  used on input line 58.
(pdftex.def)             Requested size: 500.36816pt x 191.71577pt.


[7{/usr/local/texlive/2024/texmf-dist/fonts/enc/dvips/cm-super/cm-super-ts1.enc} <./resources/02-apt-01.png>]
<resources/02-bind-shell.png, id=481, 922.44624pt x 533.995pt>
File: resources/02-bind-shell.png Graphic file (type png)
<use resources/02-bind-shell.png>
Package pdftex.def Info: resources/02-bind-shell.png  used on input line 96.
(pdftex.def)             Requested size: 461.22198pt x 266.99684pt.


[8 <./resources/02-apt-02.png>]
<resources/02-web-shell.png, id=495, 915.42pt x 541.02126pt>
File: resources/02-web-shell.png Graphic file (type png)
<use resources/02-web-shell.png>
Package pdftex.def Info: resources/02-web-shell.png  used on input line 156.
(pdftex.def)             Requested size: 457.70888pt x 270.50996pt.


[9 <./resources/02-bind-shell.png>]

[10 <./resources/02-web-shell.png>]
<resources/02-reverse-shell.png, id=505, 908.39375pt x 540.0175pt>
File: resources/02-reverse-shell.png Graphic file (type png)
<use resources/02-reverse-shell.png>
Package pdftex.def Info: resources/02-reverse-shell.png  used on input line 216.
(pdftex.def)             Requested size: 454.19577pt x 270.00809pt.


[11 <./resources/02-reverse-shell.png>]
<resources/02-tcp-ip-sw-attack.png, id=510, 1155.31625pt x 513.92pt>
File: resources/02-tcp-ip-sw-attack.png Graphic file (type png)
<use resources/02-tcp-ip-sw-attack.png>
Package pdftex.def Info: resources/02-tcp-ip-sw-attack.png  used on input line 277.
(pdftex.def)             Requested size: 462.11832pt x 205.56435pt.
<resources/02-port-hopping-attack.png, id=511, 944.52875pt x 338.26375pt>
File: resources/02-port-hopping-attack.png Graphic file (type png)
<use resources/02-port-hopping-attack.png>
Package pdftex.def Info: resources/02-port-hopping-attack.png  used on input line 313.
(pdftex.def)             Requested size: 472.26321pt x 169.13145pt.


[12 <./resources/02-tcp-ip-sw-attack.png> <./resources/02-port-hopping-attack.png>]
<resources/02-exchange-server-on-prem-attack.png, id=520, 929.4725pt x 310.15875pt>
File: resources/02-exchange-server-on-prem-attack.png Graphic file (type png)
<use resources/02-exchange-server-on-prem-attack.png>
Package pdftex.def Info: resources/02-exchange-server-on-prem-attack.png  used on input line 357.
(pdftex.def)             Requested size: 464.73512pt x 155.079pt.


[13 <./resources/02-exchange-server-on-prem-attack.png>]
<resources/02-citrix-attack-scenario.png, id=525, 916.42375pt x 320.19624pt>
File: resources/02-citrix-attack-scenario.png Graphic file (type png)
<use resources/02-citrix-attack-scenario.png>
Package pdftex.def Info: resources/02-citrix-attack-scenario.png  used on input line 401.
(pdftex.def)             Requested size: 458.21075pt x 160.09772pt.
<resources/02-cover-channel-attack.png, id=526, 944.52875pt x 318.18875pt>
File: resources/02-cover-channel-attack.png Graphic file (type png)
<use resources/02-cover-channel-attack.png>
Package pdftex.def Info: resources/02-cover-channel-attack.png  used on input line 445.
(pdftex.def)             Requested size: 377.80481pt x 127.27324pt.


[14 <./resources/02-citrix-attack-scenario.png> <./resources/02-cover-channel-attack.png>]) (./summaries/week03.tex

[15]
Kapitel 3.

Package hyperref Warning: Token not allowed in a PDF string (Unicode):
(hyperref)                removing `\@ifnextchar' on input line 1.



[16

]

[17]
<resources/03-reverse-shell.png, id=545, 943.525pt x 548.0475pt>
File: resources/03-reverse-shell.png Graphic file (type png)
<use resources/03-reverse-shell.png>
Package pdftex.def Info: resources/03-reverse-shell.png  used on input line 103.
(pdftex.def)             Requested size: 471.76134pt x 274.02307pt.

Overfull \hbox (6.61174pt too wide) in paragraph at lines 103--104
[] 
 []

<resources/03-bind-shell.png, id=546, 936.49875pt x 458.71375pt>
File: resources/03-bind-shell.png Graphic file (type png)
<use resources/03-bind-shell.png>
Package pdftex.def Info: resources/03-bind-shell.png  used on input line 104.
(pdftex.def)             Requested size: 468.24823pt x 229.35631pt.

Overfull \hbox (3.09863pt too wide) in paragraph at lines 104--105
[] 
 []



[18 <./resources/03-reverse-shell.png>]
<resources/03-web-shell.png, id=555, 927.465pt x 523.9575pt>
File: resources/03-web-shell.png Graphic file (type png)
<use resources/03-web-shell.png>
Package pdftex.def Info: resources/03-web-shell.png  used on input line 105.
(pdftex.def)             Requested size: 463.73137pt x 261.9781pt.


[19 <./resources/03-bind-shell.png> <./resources/03-web-shell.png>]

[20]
<resources/03-plupload.png, id=564, 968.61874pt x 644.4075pt>
File: resources/03-plupload.png Graphic file (type png)
<use resources/03-plupload.png>
Package pdftex.def Info: resources/03-plupload.png  used on input line 245.
(pdftex.def)             Requested size: 484.30818pt x 322.20296pt.


[21 <./resources/03-plupload.png>]
<resources/03-covert-channel.png, id=573, 942.52126pt x 635.37375pt>
File: resources/03-covert-channel.png Graphic file (type png)
<use resources/03-covert-channel.png>
Package pdftex.def Info: resources/03-covert-channel.png  used on input line 327.
(pdftex.def)             Requested size: 471.25948pt x 317.6861pt.

Overfull \hbox (50.67322pt too wide) in paragraph at lines 326--328
[]\T1/cmr/bx/n/10 DNS tun-ne-ling [] 
 []



[22]
<resources/03-dns-tunneling-2.png, id=582, 956.57375pt x 643.40375pt>
File: resources/03-dns-tunneling-2.png Graphic file (type png)
<use resources/03-dns-tunneling-2.png>
Package pdftex.def Info: resources/03-dns-tunneling-2.png  used on input line 348.
(pdftex.def)             Requested size: 478.2857pt x 321.70108pt.


[23 <./resources/03-covert-channel.png>]
<resources/03-split-dns.png, id=590, 916.42375pt x 596.2275pt>
File: resources/03-split-dns.png Graphic file (type png)
<use resources/03-split-dns.png>
Package pdftex.def Info: resources/03-split-dns.png  used on input line 390.
(pdftex.def)             Requested size: 512.14963pt x 333.221pt.


[24 <./resources/03-dns-tunneling-2.png>]
<resources/03-dns-over-https.png, id=598, 873.2625pt x 614.295pt>
File: resources/03-dns-over-https.png Graphic file (type png)
<use resources/03-dns-over-https.png>
Package pdftex.def Info: resources/03-dns-over-https.png  used on input line 396.
(pdftex.def)             Requested size: 512.14963pt x 360.27502pt.

Overfull \hbox (106.95435pt too wide) in paragraph at lines 395--398
[]\T1/cmr/bx/n/10 DNS over HTT-PS []
 []



[25 <./resources/03-split-dns.png> <./resources/03-dns-over-https.png>]
<resources/03-proxy-request.png, id=603, 927.465pt x 664.4825pt>
File: resources/03-proxy-request.png Graphic file (type png)
<use resources/03-proxy-request.png>
Package pdftex.def Info: resources/03-proxy-request.png  used on input line 429.
(pdftex.def)             Requested size: 463.73137pt x 332.24043pt.

Overfull \hbox (42.14107pt too wide) in paragraph at lines 428--431
[]\T1/cmr/bx/n/10 Proxy Re-quest []
 []



[26 <./resources/03-proxy-request.png>]) (./summaries/week04.tex

[27]
Kapitel 4.


[28

]

[29]

[30]
<resources/04-evolution-cybersecurity-capabilities.png, id=626, 2020.54875pt x 969.6225pt>
File: resources/04-evolution-cybersecurity-capabilities.png Graphic file (type png)
<use resources/04-evolution-cybersecurity-capabilities.png>
Package pdftex.def Info: resources/04-evolution-cybersecurity-capabilities.png  used on input line 221.
(pdftex.def)             Requested size: 512.14963pt x 245.76355pt.

Overfull \hbox (65.6543pt too wide) in paragraph at lines 220--222
[]\T1/cmr/bx/n/10 Evolution [] 
 []



[31]
<resources/04-interaction-security-operation-center.png, id=631, 1108.14pt x 386.44376pt>
File: resources/04-interaction-security-operation-center.png Graphic file (type png)
<use resources/04-interaction-security-operation-center.png>
Package pdftex.def Info: resources/04-interaction-security-operation-center.png  used on input line 226.
(pdftex.def)             Requested size: 512.14963pt x 178.6036pt.


[32 <./resources/04-evolution-cybersecurity-capabilities.png> <./resources/04-interaction-security-operation-center.png>]

[33]
<resources/04-incident-reponse.png, id=657, 1139.25626pt x 510.90875pt>
File: resources/04-incident-reponse.png Graphic file (type png)
<use resources/04-incident-reponse.png>
Package pdftex.def Info: resources/04-incident-reponse.png  used on input line 324.
(pdftex.def)             Requested size: 512.14963pt x 229.67293pt.


[34 <./resources/04-incident-reponse.png>]
<resources/04-ioc.png, id=667, 679.53876pt x 494.84875pt>
File: resources/04-ioc.png Graphic file (type png)
<use resources/04-ioc.png>
Package pdftex.def Info: resources/04-ioc.png  used on input line 345.
(pdftex.def)             Requested size: 512.14963pt x 372.97049pt.

Overfull \hbox (15.0pt too wide) in paragraph at lines 345--346
[][] 
 []


Underfull \hbox (badness 10000) in paragraph at lines 354--356

 []



[35 <./resources/04-ioc.png>]) (./summaries/week05.tex

[36]
Kapitel 5.


[37

]

[38]
Underfull \hbox (badness 10000) in paragraph at lines 138--140

 []



[39] (/usr/local/texlive/2024/texmf-dist/tex/latex/listings/lstlang1.sty
File: lstlang1.sty 2024/09/23 1.10c listings language file
) (/usr/local/texlive/2024/texmf-dist/tex/latex/listings/lstlang1.sty
File: lstlang1.sty 2024/09/23 1.10c listings language file
)
<resources/05-event-example.png, id=706, 2358.8125pt x 1329.96875pt>
File: resources/05-event-example.png Graphic file (type png)
<use resources/05-event-example.png>
Package pdftex.def Info: resources/05-event-example.png  used on input line 182.
(pdftex.def)             Requested size: 512.14963pt x 288.75853pt.


[40 <./resources/05-event-example.png>]
<resources/05-lateral-movement.png, id=730, 2152.04pt x 964.60374pt>
File: resources/05-lateral-movement.png Graphic file (type png)
<use resources/05-lateral-movement.png>
Package pdftex.def Info: resources/05-lateral-movement.png  used on input line 243.
(pdftex.def)             Requested size: 512.14963pt x 229.55205pt.


[41 <./resources/05-lateral-movement.png>]
<resources/05-event-logs.png, id=738, 542.025pt x 662.475pt>
File: resources/05-event-logs.png Graphic file (type png)
<use resources/05-event-logs.png>
Package pdftex.def Info: resources/05-event-logs.png  used on input line 269.
(pdftex.def)             Requested size: 271.01183pt x 331.2367pt.


[42 <./resources/05-event-logs.png>]
<resources/05-ntlm-authentication.png, id=749, 2269.47874pt x 1061.9675pt>
File: resources/05-ntlm-authentication.png Graphic file (type png)
<use resources/05-ntlm-authentication.png>
Package pdftex.def Info: resources/05-ntlm-authentication.png  used on input line 334.
(pdftex.def)             Requested size: 512.14963pt x 239.64536pt.


[43 <./resources/05-ntlm-authentication.png>]
<resources/05-kerberos-authentication.png, id=762, 2320.67pt x 1057.9525pt>
File: resources/05-kerberos-authentication.png Graphic file (type png)
<use resources/05-kerberos-authentication.png>
Package pdftex.def Info: resources/05-kerberos-authentication.png  used on input line 348.
(pdftex.def)             Requested size: 512.14963pt x 233.4767pt.


[44 <./resources/05-kerberos-authentication.png>]
Underfull \hbox (badness 10000) in paragraph at lines 398--398
[]|\T1/cmr/m/n/10 A Ker-be-ros au-
 []


Underfull \hbox (badness 10000) in paragraph at lines 398--398
\T1/cmr/m/n/10 then-ti-ca-ti-on ticket
 []


Underfull \hbox (badness 3009) in paragraph at lines 398--398
\T1/cmr/m/n/10 (TGT) was re-que-
 []


Underfull \hbox (badness 10000) in paragraph at lines 398--398
[]|[][][]
 []


Underfull \hbox (badness 1038) in paragraph at lines 398--398
[]|\T1/cmr/m/n/10 A Ker-be-ros ser-vice
 []


Underfull \hbox (badness 10000) in paragraph at lines 398--398
[]|[][][]
 []


Underfull \hbox (badness 10000) in paragraph at lines 398--398
[]|[][][][][]
 []


Underfull \hbox (badness 1038) in paragraph at lines 398--398
[]|\T1/cmr/m/n/10 A Ker-be-ros ser-vice
 []


Underfull \hbox (badness 10000) in paragraph at lines 398--398
[]|[][][]
 []


Overfull \hbox (88.61757pt too wide) in paragraph at lines 398--398
[]|\T1/cmr/m/n/10 WINATTACKLAB.LOCAL\lab_admin|| 
 []


Overfull \hbox (86.11818pt too wide) in paragraph at lines 398--398
[]|\T1/cmr/m/n/10 WINATTACKLAB.LOCAL\CLIENT1$| 
 []


Underfull \hbox (badness 10000) in paragraph at lines 459--459
[]|\T1/cmr/m/n/10 Target: Buil-
 []


Underfull \hbox (badness 10000) in paragraph at lines 459--459
\T1/cmr/m/n/10 tin\Administrators
 []


Underfull \hbox (badness 10000) in paragraph at lines 459--459
[]|\T1/cmr/m/n/10 SubjectLogonId:
 []


Underfull \hbox (badness 10000) in paragraph at lines 459--459
[]|\T1/cmr/m/n/10 Target: Buil-
 []


Underfull \hbox (badness 3138) in paragraph at lines 459--459
\T1/cmr/m/n/10 tin\Distributed COM
 []


Underfull \hbox (badness 10000) in paragraph at lines 459--459
[]|\T1/cmr/m/n/10 SubjectLogonId:
 []


Underfull \hbox (badness 10000) in paragraph at lines 459--459
[]|\T1/cmr/m/n/10 Target: Buil-
 []


Underfull \hbox (badness 10000) in paragraph at lines 459--459
\T1/cmr/m/n/10 tin\Remote Ma-
 []


Underfull \hbox (badness 10000) in paragraph at lines 459--459
\T1/cmr/m/n/10 na-ge-ment Users
 []


Underfull \hbox (badness 10000) in paragraph at lines 459--459
[]|\T1/cmr/m/n/10 SubjectLogonId:
 []


Underfull \hbox (badness 10000) in paragraph at lines 459--459
[]|\T1/cmr/m/n/10 Target: Buil-
 []


Underfull \hbox (badness 10000) in paragraph at lines 459--459
\T1/cmr/m/n/10 tin\Remtoe Desktop
 []


Underfull \hbox (badness 10000) in paragraph at lines 459--459
[]|\T1/cmr/m/n/10 SubjectLogonId:
 []


LaTeX Warning: `h' float specifier changed to `ht'.



[45]) (./summaries/week06.tex

[46]
Kapitel 6.


[47

] (/usr/local/texlive/2024/texmf-dist/tex/latex/listings/lstlang1.sty
File: lstlang1.sty 2024/09/23 1.10c listings language file
)
LaTeX Font Info:    Font shape `T1/cmtt/bx/n' in size <10> not available
(Font)              Font shape `T1/cmtt/m/n' tried instead on input line 47.
<resources/06-velociraptor-interface-01.png, id=812, 1155.31625pt x 544.0325pt>
File: resources/06-velociraptor-interface-01.png Graphic file (type png)
<use resources/06-velociraptor-interface-01.png>
Package pdftex.def Info: resources/06-velociraptor-interface-01.png  used on input line 55.
(pdftex.def)             Requested size: 512.14963pt x 241.1681pt.


[48]
<resources/06-velociraptor-interface-02.png, id=827, 1320.935pt x 564.1075pt>
File: resources/06-velociraptor-interface-02.png Graphic file (type png)
<use resources/06-velociraptor-interface-02.png>
Package pdftex.def Info: resources/06-velociraptor-interface-02.png  used on input line 58.
(pdftex.def)             Requested size: 512.14963pt x 218.7185pt.
<resources/06-velociraptor-interface-03.png, id=828, 1828.8325pt x 878.28125pt>
File: resources/06-velociraptor-interface-03.png Graphic file (type png)
<use resources/06-velociraptor-interface-03.png>
Package pdftex.def Info: resources/06-velociraptor-interface-03.png  used on input line 67.
(pdftex.def)             Requested size: 512.14963pt x 245.95728pt.


[49 <./resources/06-velociraptor-interface-01.png> <./resources/06-velociraptor-interface-02.png>]
<resources/06-velociraptor-interface-04.png, id=838, 1321.93875pt x 582.175pt>
File: resources/06-velociraptor-interface-04.png Graphic file (type png)
<use resources/06-velociraptor-interface-04.png>
Package pdftex.def Info: resources/06-velociraptor-interface-04.png  used on input line 70.
(pdftex.def)             Requested size: 512.14963pt x 225.55495pt.
<resources/06-velociraptor-interface-05.png, id=839, 1319.93124pt x 595.22375pt>
File: resources/06-velociraptor-interface-05.png Graphic file (type png)
<use resources/06-velociraptor-interface-05.png>
Package pdftex.def Info: resources/06-velociraptor-interface-05.png  used on input line 75.
(pdftex.def)             Requested size: 512.14963pt x 230.95563pt.


[50 <./resources/06-velociraptor-interface-03.png> <./resources/06-velociraptor-interface-04.png>]
<resources/06-velociraptor-hunt.png, id=848, 1515.6625pt x 965.6075pt>
File: resources/06-velociraptor-hunt.png Graphic file (type png)
<use resources/06-velociraptor-hunt.png>
Package pdftex.def Info: resources/06-velociraptor-hunt.png  used on input line 98.
(pdftex.def)             Requested size: 512.14963pt x 326.28366pt.

Overfull \hbox (15.0pt too wide) in paragraph at lines 98--99
[][] 
 []



[51 <./resources/06-velociraptor-interface-05.png>]
<resources/06-velociraptor-hunt-2.png, id=855, 1137.24875pt x 491.8375pt>
File: resources/06-velociraptor-hunt-2.png Graphic file (type png)
<use resources/06-velociraptor-hunt-2.png>
Package pdftex.def Info: resources/06-velociraptor-hunt-2.png  used on input line 101.
(pdftex.def)             Requested size: 512.14963pt x 221.50494pt.
<resources/06-velociraptor-hunt-3.png, id=856, 1182.4175pt x 581.17125pt>
File: resources/06-velociraptor-hunt-3.png Graphic file (type png)
<use resources/06-velociraptor-hunt-3.png>
Package pdftex.def Info: resources/06-velociraptor-hunt-3.png  used on input line 102.
(pdftex.def)             Requested size: 512.14963pt x 251.73442pt.
<resources/06-velociraptor-hunt-4.png, id=857, 1171.37625pt x 538.01pt>
File: resources/06-velociraptor-hunt-4.png Graphic file (type png)
<use resources/06-velociraptor-hunt-4.png>
Package pdftex.def Info: resources/06-velociraptor-hunt-4.png  used on input line 103.
(pdftex.def)             Requested size: 512.14963pt x 235.23923pt.
<resources/06-velociraptor-hunt-5.png, id=858, 1171.37625pt x 531.9875pt>
File: resources/06-velociraptor-hunt-5.png Graphic file (type png)
<use resources/06-velociraptor-hunt-5.png>
Package pdftex.def Info: resources/06-velociraptor-hunt-5.png  used on input line 104.
(pdftex.def)             Requested size: 512.14963pt x 232.60596pt.


[52 <./resources/06-velociraptor-hunt.png>]

[53 <./resources/06-velociraptor-hunt-2.png> <./resources/06-velociraptor-hunt-3.png> <./resources/06-velociraptor-hunt-4.png>]

[54 <./resources/06-velociraptor-hunt-5.png>]
<resources/06-collecting-files.png, id=890, 1171.37625pt x 525.965pt>
File: resources/06-collecting-files.png Graphic file (type png)
<use resources/06-collecting-files.png>
Package pdftex.def Info: resources/06-collecting-files.png  used on input line 161.
(pdftex.def)             Requested size: 512.14963pt x 229.97267pt.

Overfull \hbox (15.0pt too wide) in paragraph at lines 161--163
[][]
 []



[55 <./resources/06-collecting-files.png>]
Overfull \hbox (13.25319pt too wide) in paragraph at lines 202--204
\T1/cmr/m/n/10 Velociraptor sto-res the mo-di-fied ti-me in ZIP hea-ders, with all ti-me-stamps availa-ble in: \T1/cmtt/m/n/10 "Windows.KapeFiles.Targets/All
 []


Underfull \hbox (badness 10000) in paragraph at lines 226--226
[]|[][][][][][][][][][][][][][][][][][][][][][][][][][][][][][][][][][][][][][][][][][][]
 []


Overfull \hbox (25.19997pt too wide) in paragraph at lines 218--239
[][] 
 []

<resources/06-velociraptor-notebooks-1.png, id=896, 1059.96pt x 481.8pt>
File: resources/06-velociraptor-notebooks-1.png Graphic file (type png)
<use resources/06-velociraptor-notebooks-1.png>
Package pdftex.def Info: resources/06-velociraptor-notebooks-1.png  used on input line 245.
(pdftex.def)             Requested size: 512.14963pt x 232.79787pt.

Overfull \hbox (25.00003pt too wide) in paragraph at lines 245--246
[] 
 []



[56]
<resources/06-velociraptor-notebooks-2.png, id=917, 1171.37625pt x 533.995pt>
File: resources/06-velociraptor-notebooks-2.png Graphic file (type png)
<use resources/06-velociraptor-notebooks-2.png>
Package pdftex.def Info: resources/06-velociraptor-notebooks-2.png  used on input line 246.
(pdftex.def)             Requested size: 512.14963pt x 233.48372pt.

Overfull \hbox (25.00003pt too wide) in paragraph at lines 246--247
[] 
 []

<resources/06-velociraptor-notebooks-3.png, id=918, 1190.4475pt x 540.0175pt>
File: resources/06-velociraptor-notebooks-3.png Graphic file (type png)
<use resources/06-velociraptor-notebooks-3.png>
Package pdftex.def Info: resources/06-velociraptor-notebooks-3.png  used on input line 247.
(pdftex.def)             Requested size: 512.14963pt x 232.31836pt.

Overfull \hbox (25.00003pt too wide) in paragraph at lines 247--248
[] 
 []



[57 <./resources/06-velociraptor-notebooks-1.png> <./resources/06-velociraptor-notebooks-2.png>]
<resources/06-velociraptor-notebooks-4.png, id=925, 1234.6125pt x 467.7475pt>
File: resources/06-velociraptor-notebooks-4.png Graphic file (type png)
<use resources/06-velociraptor-notebooks-4.png>
Package pdftex.def Info: resources/06-velociraptor-notebooks-4.png  used on input line 248.
(pdftex.def)             Requested size: 512.14963pt x 194.0402pt.

Overfull \hbox (25.00003pt too wide) in paragraph at lines 248--249
[] 
 []

<resources/06-velociraptor-notebooks-5.png, id=926, 2302.6025pt x 993.7125pt>
File: resources/06-velociraptor-notebooks-5.png Graphic file (type png)
<use resources/06-velociraptor-notebooks-5.png>
Package pdftex.def Info: resources/06-velociraptor-notebooks-5.png  used on input line 249.
(pdftex.def)             Requested size: 512.14963pt x 221.01314pt.

Overfull \hbox (25.00003pt too wide) in paragraph at lines 249--250
[] 
 []



[58 <./resources/06-velociraptor-notebooks-3.png> <./resources/06-velociraptor-notebooks-4.png> <./resources/06-velociraptor-notebooks-5.png>]

[59]
<resources/06-yara.png, id=985, 1187.43625pt x 581.17125pt>
File: resources/06-yara.png Graphic file (type png)
<use resources/06-yara.png>
Package pdftex.def Info: resources/06-yara.png  used on input line 337.
(pdftex.def)             Requested size: 512.14963pt x 250.67027pt.


[60 <./resources/06-yara.png>]

[61]) (./summaries/week07.tex

[62]
Kapitel 7.


[63

]) (./summaries/week08.tex

[64]
Kapitel 8.


[65

]) (./summaries/week09.tex

[66]
Kapitel 9.


[67

]) (./summaries/week10.tex

[68]
Kapitel 10.


[69

]) (./summaries/week11.tex

[70]
Kapitel 11.


[71

]) (./summaries/week12.tex

[72]
Kapitel 12.


[73

]) (./summaries/week13.tex

[74]
Kapitel 13.


[75

]) (./summaries/week14.tex

[76]
Kapitel 14.


[77

]) (./summaries/week15.tex

[78]
Kapitel 15.


[79

]
<resources/15-appendix-log4j.png, id=1133, 696.6025pt x 488.82625pt>
File: resources/15-appendix-log4j.png Graphic file (type png)
<use resources/15-appendix-log4j.png>
Package pdftex.def Info: resources/15-appendix-log4j.png  used on input line 21.
(pdftex.def)             Requested size: 348.3004pt x 244.41252pt.
) (./01_index.bbl

[80 <./resources/15-appendix-log4j.png>])

[81

] (./01_index.aux)
 ***********
LaTeX2e <2024-11-01> patch level 1
L3 programming layer <2024-12-25>
 ***********
Package rerunfilecheck Info: File `01_index.out' has not changed.
(rerunfilecheck)             Checksum: B77B6AD2E1040C3D2B206FF8D389222D;11198.
 ) 
Here is how much of TeX's memory you used:
 18865 strings out of 473250
 310693 string characters out of 5717905
 1140611 words of memory out of 5000000
 41235 multiletter control sequences out of 15000+600000
 581620 words of font info for 102 fonts, out of 8000000 for 9000
 1141 hyphenation exceptions out of 8191
 99i,14n,96p,602b,1965s stack positions out of 10000i,1000n,20000p,200000b,200000s
</usr/local/texlive/2024/texmf-dist/fonts/type1/public/amsfonts/cm/cmmi10.pfb></usr/local/texlive/2024/texmf-dist/fonts/type1/public/amsfonts/cm/cmr10.pfb></usr/local/texlive/2024/texmf-dist/fonts/type1/public/amsfonts/cm/cmsy10.pfb></usr/local/texlive/2024/texmf-dist/fonts/type1/public/cm-super/sfbx1000.pfb></usr/local/texlive/2024/texmf-dist/fonts/type1/public/cm-super/sfbx1200.pfb></usr/local/texlive/2024/texmf-dist/fonts/type1/public/cm-super/sfbx1440.pfb></usr/local/texlive/2024/texmf-dist/fonts/type1/public/cm-super/sfbx2074.pfb></usr/local/texlive/2024/texmf-dist/fonts/type1/public/cm-super/sfbx2488.pfb></usr/local/texlive/2024/texmf-dist/fonts/type1/public/cm-super/sfrm0500.pfb></usr/local/texlive/2024/texmf-dist/fonts/type1/public/cm-super/sfrm1000.pfb></usr/local/texlive/2024/texmf-dist/fonts/type1/public/cm-super/sfrm1200.pfb></usr/local/texlive/2024/texmf-dist/fonts/type1/public/cm-super/sfrm1728.pfb></usr/local/texlive/2024/texmf-dist/fonts/type1/public/cm-super/sfti1000.pfb></usr/local/texlive/2024/texmf-dist/fonts/type1/public/cm-super/sftt1000.pfb>
Output written on 01_index.pdf (82 pages, 6168592 bytes).
PDF statistics:
 1305 PDF objects out of 1440 (max. 8388607)
 1118 compressed objects within 12 object streams
 444 named destinations out of 1000 (max. 500000)
 923 words of extra memory for PDF output out of 10000 (max. 10000000)

