\BOOKMARK [0][-]{chapter.1}{\376\377\000I\000n\000t\000r\000o\000\040\000t\000o\000\040\000C\000y\000b\000e\000r\000\040\000D\000e\000f\000e\000n\000s\000e}{}% 1
\BOOKMARK [1][-]{section.1.1}{\376\377\000L\000e\000c\000t\000u\000r\000e}{chapter.1}% 2
\BOOKMARK [2][-]{subsection.1.1.1}{\376\377\000L\000e\000c\000t\000u\000r\000e}{section.1.1}% 3
\BOOKMARK [1][-]{section.1.2}{\376\377\000E\000x\000e\000r\000c\000i\000s\000e}{chapter.1}% 4
\BOOKMARK [2][-]{subsection.1.2.1}{\376\377\000L\000e\000c\000t\000u\000r\000e}{section.1.2}% 5
\BOOKMARK [0][-]{chapter.2}{\376\377\000H\000a\000c\000k\000e\000r\000\040\000A\000t\000t\000a\000c\000k\000s}{}% 6
\BOOKMARK [1][-]{section.2.1}{\376\377\000L\000e\000c\000t\000u\000r\000e}{chapter.2}% 7
\BOOKMARK [2][-]{subsection.2.1.1}{\376\377\000A\000t\000t\000a\000c\000k\000\040\000M\000e\000t\000h\000o\000l\000o\000g\000i\000e\000s}{section.2.1}% 8
\BOOKMARK [2][-]{subsection.2.1.2}{\376\377\000A\000P\000T\000\040\000-\000\040\000A\000d\000v\000a\000n\000c\000e\000d\000\040\000P\000e\000r\000s\000i\000s\000t\000e\000n\000t\000\040\000t\000h\000r\000e\000a\000t\000s}{section.2.1}% 9
\BOOKMARK [1][-]{section.2.2}{\376\377\000E\000x\000e\000r\000c\000i\000s\000e}{chapter.2}% 10
\BOOKMARK [0][-]{chapter.3}{\376\377\000M\000e\000t\000a\000s\000p\000l\000o\000i\000t\000\040\000i\000v\000a\000n\000b\000u\000e\000t\000l\000e\000r}{}% 11
\BOOKMARK [1][-]{section.3.1}{\376\377\000l\000e\000c\000t\000u\000r\000e}{chapter.3}% 12
\BOOKMARK [2][-]{subsection.3.1.1}{\376\377\000G\000e\000n\000e\000r\000a\000l\000\040\000E\000x\000p\000l\000o\000i\000t\000a\000t\000i\000o\000n\000\040\000t\000e\000c\000h\000n\000i\000q\000u\000e\000s}{section.3.1}% 13
\BOOKMARK [2][-]{subsection.3.1.2}{\376\377\000L\000o\000c\000a\000l\000\040\000e\000x\000p\000l\000o\000i\000t}{section.3.1}% 14
\BOOKMARK [2][-]{subsection.3.1.3}{\376\377\000S\000e\000r\000v\000e\000r\000-\000s\000i\000d\000e\000\040\000e\000x\000p\000l\000o\000i\000t}{section.3.1}% 15
\BOOKMARK [2][-]{subsection.3.1.4}{\376\377\000C\000l\000i\000e\000n\000t\000-\000s\000i\000d\000e\000\040\000e\000x\000p\000l\000o\000i\000t}{section.3.1}% 16
\BOOKMARK [2][-]{subsection.3.1.5}{\376\377\000C\000o\000m\000m\000a\000n\000d\000\040\000\046\000\040\000C\000o\000n\000t\000r\000o\000l\000\040\000\050\000C\0002\000,\000\040\000C\000\046\000C\000\051}{section.3.1}% 17
\BOOKMARK [2][-]{subsection.3.1.6}{\376\377\000M\000e\000t\000a\000s\000p\000l\000o\000i\000t}{section.3.1}% 18
\BOOKMARK [2][-]{subsection.3.1.7}{\376\377\000M\000e\000t\000a\000s\000p\000l\000o\000i\000t\000\040\000M\000e\000t\000e\000r\000p\000r\000e\000t\000e\000r}{section.3.1}% 19
\BOOKMARK [2][-]{subsection.3.1.8}{\376\377\000V\000u\000l\000n\000e\000r\000a\000b\000i\000l\000i\000t\000y\000\040\000A\000t\000t\000a\000c\000k\000s}{section.3.1}% 20
\BOOKMARK [2][-]{subsection.3.1.9}{\376\377\000S\000e\000c\000u\000r\000e\000\040\000a\000r\000c\000h\000i\000t\000e\000c\000t\000u\000r\000e}{section.3.1}% 21
\BOOKMARK [1][-]{section.3.2}{\376\377\000e\000x\000e\000r\000c\000i\000s\000e}{chapter.3}% 22
\BOOKMARK [0][-]{chapter.4}{\376\377\000A\000P\000T\000,\000\040\000L\000o\000g\000g\000i\000n\000g\000\040\000a\000n\000d\000\040\000F\000o\000r\000e\000n\000s\000i\000c}{}% 23
\BOOKMARK [1][-]{section.4.1}{\376\377\000l\000e\000c\000t\000u\000r\000e}{chapter.4}% 24
\BOOKMARK [2][-]{subsection.4.1.1}{\376\377\000A\000d\000v\000a\000n\000c\000e\000d\000\040\000P\000e\000r\000s\000i\000s\000t\000e\000n\000t\000\040\000T\000h\000r\000e\000a\000t\000\040\000\050\000A\000P\000T\000\051}{section.4.1}% 25
\BOOKMARK [2][-]{subsection.4.1.2}{\376\377\000L\000o\000g\000g\000i\000n\000g}{section.4.1}% 26
\BOOKMARK [2][-]{subsection.4.1.3}{\376\377\000C\000y\000b\000e\000r\000\040\000S\000e\000c\000u\000r\000i\000t\000y\000\040\000t\000o\000o\000l\000s\000\040\000a\000n\000d\000\040\000f\000r\000a\000m\000e\000w\000o\000r\000k\000s\000\040\000f\000o\000r\000\040\000l\000o\000g\000g\000i\000n\000g\000\040\000a\000n\000d\000\040\000f\000o\000r\000e\000n\000s\000i\000c}{section.4.1}% 27
\BOOKMARK [2][-]{subsection.4.1.4}{\376\377\000V\000e\000l\000o\000c\000i\000r\000a\000p\000t\000o\000r}{section.4.1}% 28
\BOOKMARK [2][-]{subsection.4.1.5}{\376\377\000Y\000A\000R\000A}{section.4.1}% 29
\BOOKMARK [2][-]{subsection.4.1.6}{\376\377\000C\000I\000R\000T\000/\000C\000S\000I\000R\000T}{section.4.1}% 30
\BOOKMARK [2][-]{subsection.4.1.7}{\376\377\000I\000n\000c\000i\000d\000e\000n\000t\000\040\000R\000e\000s\000p\000o\000n\000s\000e}{section.4.1}% 31
\BOOKMARK [1][-]{section.4.2}{\376\377\000e\000x\000e\000r\000c\000i\000s\000e}{chapter.4}% 32
\BOOKMARK [0][-]{chapter.5}{\376\377\000W\000i\000n\000d\000o\000w\000s\000\040\000E\000v\000e\000n\000t\000\040\000L\000o\000g\000s}{}% 33
\BOOKMARK [1][-]{section.5.1}{\376\377\000l\000e\000c\000t\000u\000r\000e}{chapter.5}% 34
\BOOKMARK [2][-]{subsection.5.1.1}{\376\377\000I\000n\000t\000r\000o\000d\000u\000c\000t\000i\000o\000n}{section.5.1}% 35
\BOOKMARK [2][-]{subsection.5.1.2}{\376\377\000L\000o\000g\000\040\000C\000a\000t\000e\000g\000o\000r\000i\000e\000s}{section.5.1}% 36
\BOOKMARK [2][-]{subsection.5.1.3}{\376\377\000G\000e\000t\000t\000i\000n\000g\000\040\000L\000o\000g\000s}{section.5.1}% 37
\BOOKMARK [1][-]{section.5.2}{\376\377\000e\000x\000e\000r\000c\000i\000s\000e}{chapter.5}% 38
\BOOKMARK [2][-]{subsection.5.2.1}{\376\377\000D\000o\000m\000a\000i\000n\000\040\000C\000o\000n\000t\000r\000o\000l\000l\000e\000r\000\040\000E\000v\000e\000n\000t\000s}{section.5.2}% 39
\BOOKMARK [2][-]{subsection.5.2.2}{\376\377\000A\000u\000t\000o\000m\000a\000t\000e\000d\000\040\000A\000n\000a\000l\000y\000s\000i\000s\000\040\000T\000o\000o\000l\000s}{section.5.2}% 40
\BOOKMARK [1][-]{section.5.3}{\376\377\000e\000x\000e\000r\000c\000i\000s\000e}{chapter.5}% 41
\BOOKMARK [0][-]{chapter.6}{\376\377\000E\000n\000t\000e\000r\000p\000r\000i\000s\000e\000\040\000R\000e\000s\000p\000o\000n\000s\000e\000\040\000T\000o\000o\000l\000i\000n\000g}{}% 42
\BOOKMARK [1][-]{section.6.1}{\376\377\000V\000e\000l\000o\000c\000i\000r\000a\000p\000t\000o\000r}{chapter.6}% 43
\BOOKMARK [2][-]{subsection.6.1.1}{\376\377\000C\000o\000r\000e\000\040\000C\000a\000p\000a\000b\000i\000l\000i\000t\000i\000e\000s}{section.6.1}% 44
\BOOKMARK [2][-]{subsection.6.1.2}{\376\377\000T\000e\000c\000h\000n\000i\000c\000a\000l\000\040\000F\000e\000a\000t\000u\000r\000e\000s}{section.6.1}% 45
\BOOKMARK [2][-]{subsection.6.1.3}{\376\377\000A\000r\000c\000h\000i\000t\000e\000c\000t\000u\000r\000e}{section.6.1}% 46
\BOOKMARK [1][-]{section.6.2}{\376\377\000U\000s\000e\000\040\000C\000a\000s\000e\000s}{chapter.6}% 47
\BOOKMARK [1][-]{section.6.3}{\376\377\000V\000Q\000L\000\040\000E\000x\000a\000m\000p\000l\000e}{chapter.6}% 48
\BOOKMARK [2][-]{subsection.6.3.1}{\376\377\000U\000s\000e\000r\000\040\000I\000n\000t\000e\000r\000f\000a\000c\000e\000\040\000B\000a\000s\000i\000c\000s}{section.6.3}% 49
\BOOKMARK [2][-]{subsection.6.3.2}{\376\377\000V\000e\000l\000o\000c\000i\000r\000a\000p\000t\000o\000r\000\040\000A\000r\000t\000i\000f\000a\000c\000t\000s}{section.6.3}% 50
\BOOKMARK [2][-]{subsection.6.3.3}{\376\377\000V\000e\000l\000o\000c\000i\000r\000a\000t\000p\000r\000o\000\040\000H\000u\000n\000t\000s}{section.6.3}% 51
\BOOKMARK [2][-]{subsection.6.3.4}{\376\377\000A\000c\000t\000i\000v\000e\000\040\000C\000o\000n\000t\000a\000i\000n\000m\000e\000n\000t}{section.6.3}% 52
\BOOKMARK [2][-]{subsection.6.3.5}{\376\377\000C\000o\000l\000l\000e\000c\000t\000i\000n\000g\000\040\000F\000i\000l\000e\000s}{section.6.3}% 53
\BOOKMARK [2][-]{subsection.6.3.6}{\376\377\000N\000o\000t\000e\000b\000o\000o\000k\000s}{section.6.3}% 54
\BOOKMARK [2][-]{subsection.6.3.7}{\376\377\000V\000e\000l\000o\000c\000i\000r\000a\000p\000t\000o\000r\000\040\000Q\000u\000e\000r\000y\000\040\000L\000a\000n\000g\000u\000a\000g\000e}{section.6.3}% 55
\BOOKMARK [2][-]{subsection.6.3.8}{\376\377\000Y\000A\000R\000A\000\040\000i\000n\000\040\000V\000e\000l\000o\000c\000i\000r\000a\000p\000t\000o\000r}{section.6.3}% 56
\BOOKMARK [2][-]{subsection.6.3.9}{\376\377\000L\000o\000g\000s}{section.6.3}% 57
\BOOKMARK [1][-]{section.6.4}{\376\377\000e\000x\000e\000r\000c\000i\000s\000e}{chapter.6}% 58
\BOOKMARK [0][-]{chapter.7}{\376\377\000C\000h\000a\000p\000t\000e\000r\000\040\000t\000i\000t\000l\000e}{}% 59
\BOOKMARK [1][-]{section.7.1}{\376\377\000l\000e\000c\000t\000u\000r\000e}{chapter.7}% 60
\BOOKMARK [1][-]{section.7.2}{\376\377\000e\000x\000e\000r\000c\000i\000s\000e}{chapter.7}% 61
\BOOKMARK [0][-]{chapter.8}{\376\377\000C\000h\000a\000p\000t\000e\000r\000\040\000t\000i\000t\000l\000e}{}% 62
\BOOKMARK [1][-]{section.8.1}{\376\377\000l\000e\000c\000t\000u\000r\000e}{chapter.8}% 63
\BOOKMARK [1][-]{section.8.2}{\376\377\000e\000x\000e\000r\000c\000i\000s\000e}{chapter.8}% 64
\BOOKMARK [0][-]{chapter.9}{\376\377\000C\000h\000a\000p\000t\000e\000r\000\040\000t\000i\000t\000l\000e}{}% 65
\BOOKMARK [1][-]{section.9.1}{\376\377\000l\000e\000c\000t\000u\000r\000e}{chapter.9}% 66
\BOOKMARK [1][-]{section.9.2}{\376\377\000e\000x\000e\000r\000c\000i\000s\000e}{chapter.9}% 67
\BOOKMARK [0][-]{chapter.10}{\376\377\000C\000h\000a\000p\000t\000e\000r\000\040\000t\000i\000t\000l\000e}{}% 68
\BOOKMARK [1][-]{section.10.1}{\376\377\000l\000e\000c\000t\000u\000r\000e}{chapter.10}% 69
\BOOKMARK [1][-]{section.10.2}{\376\377\000e\000x\000e\000r\000c\000i\000s\000e}{chapter.10}% 70
\BOOKMARK [0][-]{chapter.11}{\376\377\000C\000h\000a\000p\000t\000e\000r\000\040\000t\000i\000t\000l\000e}{}% 71
\BOOKMARK [1][-]{section.11.1}{\376\377\000l\000e\000c\000t\000u\000r\000e}{chapter.11}% 72
\BOOKMARK [1][-]{section.11.2}{\376\377\000e\000x\000e\000r\000c\000i\000s\000e}{chapter.11}% 73
\BOOKMARK [0][-]{chapter.12}{\376\377\000C\000h\000a\000p\000t\000e\000r\000\040\000t\000i\000t\000l\000e}{}% 74
\BOOKMARK [1][-]{section.12.1}{\376\377\000l\000e\000c\000t\000u\000r\000e}{chapter.12}% 75
\BOOKMARK [1][-]{section.12.2}{\376\377\000e\000x\000e\000r\000c\000i\000s\000e}{chapter.12}% 76
\BOOKMARK [0][-]{chapter.13}{\376\377\000C\000h\000a\000p\000t\000e\000r\000\040\000t\000i\000t\000l\000e}{}% 77
\BOOKMARK [1][-]{section.13.1}{\376\377\000l\000e\000c\000t\000u\000r\000e}{chapter.13}% 78
\BOOKMARK [1][-]{section.13.2}{\376\377\000e\000x\000e\000r\000c\000i\000s\000e}{chapter.13}% 79
\BOOKMARK [0][-]{chapter.14}{\376\377\000C\000h\000a\000p\000t\000e\000r\000\040\000t\000i\000t\000l\000e}{}% 80
\BOOKMARK [1][-]{section.14.1}{\376\377\000l\000e\000c\000t\000u\000r\000e}{chapter.14}% 81
\BOOKMARK [1][-]{section.14.2}{\376\377\000e\000x\000e\000r\000c\000i\000s\000e}{chapter.14}% 82
\BOOKMARK [0][-]{chapter.15}{\376\377\000A\000t\000t\000a\000c\000k\000\040\000P\000a\000t\000t\000e\000r\000n\000,\000\040\000T\000e\000c\000h\000n\000i\000q\000u\000e\000s\000\040\000a\000n\000d\000\040\000P\000r\000e\000v\000e\000n\000t\000i\000o\000n\000\040\000M\000e\000t\000h\000o\000d\000s}{}% 83
\BOOKMARK [1][-]{section.15.1}{\376\377\000A\000t\000t\000a\000c\000k\000s}{chapter.15}% 84
\BOOKMARK [2][-]{subsection.15.1.1}{\376\377\000C\000o\000m\000m\000o\000n\000\040\000A\000t\000t\000a\000c\000k\000\040\000T\000e\000c\000h\000i\000n\000q\000u\000e\000s}{section.15.1}% 85
